Performing C SOURCE FILE Test CMAKE_HAVE_LIBC_PTHREAD failed with the following output:
Change Dir: /home/xcy/WorkSpace/src/nursing_robot/nursing_driver/cmake-build-debug/CMakeFiles/CMakeTmp

Run Build Command(s):/usr/bin/make cmTC_54f62/fast && /usr/bin/make -f CMakeFiles/cmTC_54f62.dir/build.make CMakeFiles/cmTC_54f62.dir/build
make[1]: Entering directory '/home/xcy/WorkSpace/src/nursing_robot/nursing_driver/cmake-build-debug/CMakeFiles/CMakeTmp'
Building C object CMakeFiles/cmTC_54f62.dir/src.c.o
/usr/bin/cc   -DCMAKE_HAVE_LIBC_PTHREAD   -o CMakeFiles/cmTC_54f62.dir/src.c.o   -c /home/xcy/WorkSpace/src/nursing_robot/nursing_driver/cmake-build-debug/CMakeFiles/CMakeTmp/src.c
Linking C executable cmTC_54f62
/snap/clion/85/bin/cmake/linux/bin/cmake -E cmake_link_script CMakeFiles/cmTC_54f62.dir/link.txt --verbose=1
/usr/bin/cc  -DCMAKE_HAVE_LIBC_PTHREAD    -rdynamic CMakeFiles/cmTC_54f62.dir/src.c.o  -o cmTC_54f62 
CMakeFiles/cmTC_54f62.dir/src.c.o：在函数‘main’中：
src.c:(.text+0x3c)：对‘pthread_create’未定义的引用
src.c:(.text+0x48)：对‘pthread_detach’未定义的引用
src.c:(.text+0x59)：对‘pthread_join’未定义的引用
src.c:(.text+0x6d)：对‘pthread_atfork’未定义的引用
collect2: error: ld returned 1 exit status
CMakeFiles/cmTC_54f62.dir/build.make:86: recipe for target 'cmTC_54f62' failed
make[1]: *** [cmTC_54f62] Error 1
make[1]: Leaving directory '/home/xcy/WorkSpace/src/nursing_robot/nursing_driver/cmake-build-debug/CMakeFiles/CMakeTmp'
Makefile:121: recipe for target 'cmTC_54f62/fast' failed
make: *** [cmTC_54f62/fast] Error 2


Source file was:
#include <pthread.h>

void* test_func(void* data)
{
  return data;
}

int main(void)
{
  pthread_t thread;
  pthread_create(&thread, NULL, test_func, NULL);
  pthread_detach(thread);
  pthread_join(thread, NULL);
  pthread_atfork(NULL, NULL, NULL);
  pthread_exit(NULL);

  return 0;
}

Determining if the function pthread_create exists in the pthreads failed with the following output:
Change Dir: /home/xcy/WorkSpace/src/nursing_robot/nursing_driver/cmake-build-debug/CMakeFiles/CMakeTmp

Run Build Command(s):/usr/bin/make cmTC_b51bc/fast && /usr/bin/make -f CMakeFiles/cmTC_b51bc.dir/build.make CMakeFiles/cmTC_b51bc.dir/build
make[1]: Entering directory '/home/xcy/WorkSpace/src/nursing_robot/nursing_driver/cmake-build-debug/CMakeFiles/CMakeTmp'
Building C object CMakeFiles/cmTC_b51bc.dir/CheckFunctionExists.c.o
/usr/bin/cc   -DCHECK_FUNCTION_EXISTS=pthread_create   -o CMakeFiles/cmTC_b51bc.dir/CheckFunctionExists.c.o   -c /snap/clion/85/bin/cmake/linux/share/cmake-3.15/Modules/CheckFunctionExists.c
Linking C executable cmTC_b51bc
/snap/clion/85/bin/cmake/linux/bin/cmake -E cmake_link_script CMakeFiles/cmTC_b51bc.dir/link.txt --verbose=1
/usr/bin/cc  -DCHECK_FUNCTION_EXISTS=pthread_create    -rdynamic CMakeFiles/cmTC_b51bc.dir/CheckFunctionExists.c.o  -o cmTC_b51bc -lpthreads 
/usr/bin/ld: 找不到 -lpthreads
collect2: error: ld returned 1 exit status
CMakeFiles/cmTC_b51bc.dir/build.make:86: recipe for target 'cmTC_b51bc' failed
make[1]: *** [cmTC_b51bc] Error 1
make[1]: Leaving directory '/home/xcy/WorkSpace/src/nursing_robot/nursing_driver/cmake-build-debug/CMakeFiles/CMakeTmp'
Makefile:121: recipe for target 'cmTC_b51bc/fast' failed
make: *** [cmTC_b51bc/fast] Error 2



